<?xml version="1.0" encoding="UTF-8"?>
<testsuite name="GithubApiRequestTestIT" tests="1" skipped="0" failures="0" errors="0" timestamp="2022-07-19T19:57:21" hostname="BRSPOTNL31VM813" time="2.091">
  <properties/>
  <testcase name="createRepository()" classname="GithubApiRequestTestIT" time="2.091"/>
  <system-out><![CDATA[16:57:20.122 [Test worker] DEBUG org.springframework.test.context.BootstrapUtils - Instantiating CacheAwareContextLoaderDelegate from class [org.springframework.test.context.cache.DefaultCacheAwareContextLoaderDelegate]
16:57:20.131 [Test worker] DEBUG org.springframework.test.context.BootstrapUtils - Instantiating BootstrapContext using constructor [public org.springframework.test.context.support.DefaultBootstrapContext(java.lang.Class,org.springframework.test.context.CacheAwareContextLoaderDelegate)]
16:57:20.156 [Test worker] DEBUG org.springframework.test.context.BootstrapUtils - Instantiating TestContextBootstrapper for test class [GithubApiRequestTestIT] from class [org.springframework.test.context.support.DefaultTestContextBootstrapper]
16:57:20.174 [Test worker] DEBUG org.springframework.test.context.support.AbstractDelegatingSmartContextLoader - Delegating to AnnotationConfigContextLoader to process context configuration [ContextConfigurationAttributes@57cdc86f declaringClass = 'GithubApiRequestTestIT', classes = '{class config.HttpClientConfig, class domain.GithubApiRequest}', locations = '{}', inheritLocations = true, initializers = '{}', inheritInitializers = true, name = [null], contextLoaderClass = 'org.springframework.test.context.ContextLoader'].
16:57:20.229 [Test worker] DEBUG org.springframework.test.context.support.ActiveProfilesUtils - Could not find an 'annotation declaring class' for annotation type [org.springframework.test.context.ActiveProfiles] and class [GithubApiRequestTestIT]
16:57:20.229 [Test worker] DEBUG org.springframework.test.context.support.DefaultTestContextBootstrapper - @TestExecutionListeners is not present for class [GithubApiRequestTestIT]: using defaults.
16:57:20.230 [Test worker] INFO org.springframework.test.context.support.DefaultTestContextBootstrapper - Loaded default TestExecutionListener class names from location [META-INF/spring.factories]: [org.springframework.boot.test.autoconfigure.restdocs.RestDocsTestExecutionListener, org.springframework.boot.test.autoconfigure.web.client.MockRestServiceServerResetTestExecutionListener, org.springframework.boot.test.autoconfigure.web.servlet.MockMvcPrintOnlyOnFailureTestExecutionListener, org.springframework.boot.test.autoconfigure.web.servlet.WebDriverTestExecutionListener, org.springframework.boot.test.autoconfigure.webservices.client.MockWebServiceServerTestExecutionListener, org.springframework.boot.test.mock.mockito.MockitoTestExecutionListener, org.springframework.boot.test.mock.mockito.ResetMocksTestExecutionListener, org.springframework.test.context.web.ServletTestExecutionListener, org.springframework.test.context.support.DirtiesContextBeforeModesTestExecutionListener, org.springframework.test.context.event.ApplicationEventsTestExecutionListener, org.springframework.test.context.support.DependencyInjectionTestExecutionListener, org.springframework.test.context.support.DirtiesContextTestExecutionListener, org.springframework.test.context.transaction.TransactionalTestExecutionListener, org.springframework.test.context.jdbc.SqlScriptsTestExecutionListener, org.springframework.test.context.event.EventPublishingTestExecutionListener]
16:57:20.237 [Test worker] DEBUG org.springframework.test.context.support.DefaultTestContextBootstrapper - Skipping candidate TestExecutionListener [org.springframework.test.context.transaction.TransactionalTestExecutionListener] due to a missing dependency. Specify custom listener classes or make the default listener classes and their required dependencies available. Offending class: [org/springframework/transaction/TransactionDefinition]
16:57:20.238 [Test worker] DEBUG org.springframework.test.context.support.DefaultTestContextBootstrapper - Skipping candidate TestExecutionListener [org.springframework.test.context.jdbc.SqlScriptsTestExecutionListener] due to a missing dependency. Specify custom listener classes or make the default listener classes and their required dependencies available. Offending class: [org/springframework/transaction/interceptor/TransactionAttribute]
16:57:20.238 [Test worker] INFO org.springframework.test.context.support.DefaultTestContextBootstrapper - Using TestExecutionListeners: [org.springframework.test.context.web.ServletTestExecutionListener@2a818d84, org.springframework.test.context.support.DirtiesContextBeforeModesTestExecutionListener@2c7d373f, org.springframework.test.context.event.ApplicationEventsTestExecutionListener@37ec9d24, org.springframework.boot.test.mock.mockito.MockitoTestExecutionListener@7b86f906, org.springframework.test.context.support.DependencyInjectionTestExecutionListener@5d4da65f, org.springframework.test.context.support.DirtiesContextTestExecutionListener@184cb606, org.springframework.test.context.event.EventPublishingTestExecutionListener@4b9a0d96, org.springframework.boot.test.autoconfigure.restdocs.RestDocsTestExecutionListener@718932a, org.springframework.boot.test.autoconfigure.web.client.MockRestServiceServerResetTestExecutionListener@37d7b2c8, org.springframework.boot.test.autoconfigure.web.servlet.MockMvcPrintOnlyOnFailureTestExecutionListener@4a56deb2, org.springframework.boot.test.autoconfigure.web.servlet.WebDriverTestExecutionListener@51bb8cd3, org.springframework.boot.test.autoconfigure.webservices.client.MockWebServiceServerTestExecutionListener@12f9d40d, org.springframework.boot.test.mock.mockito.ResetMocksTestExecutionListener@18b26568]
16:57:20.240 [Test worker] DEBUG org.springframework.test.context.support.AbstractDirtiesContextTestExecutionListener - Before test class: context [DefaultTestContext@2b00d363 testClass = GithubApiRequestTestIT, testInstance = [null], testMethod = [null], testException = [null], mergedContextConfiguration = [MergedContextConfiguration@b3bf1a testClass = GithubApiRequestTestIT, locations = '{}', classes = '{class config.HttpClientConfig, class domain.GithubApiRequest}', contextInitializerClasses = '[]', activeProfiles = '{}', propertySourceLocations = '{classpath:test-application.properties}', propertySourceProperties = '{}', contextCustomizers = set[org.springframework.boot.test.autoconfigure.actuate.metrics.MetricsExportContextCustomizerFactory$DisableMetricExportContextCustomizer@7fc50932, org.springframework.boot.test.autoconfigure.properties.PropertyMappingContextCustomizer@0, org.springframework.boot.test.autoconfigure.web.servlet.WebDriverContextCustomizerFactory$Customizer@460a3427, org.springframework.boot.test.context.filter.ExcludeFilterContextCustomizer@708d5c8b, org.springframework.boot.test.json.DuplicateJsonObjectContextCustomizerFactory$DuplicateJsonObjectContextCustomizer@16781ff5, org.springframework.boot.test.mock.mockito.MockitoContextCustomizer@483f28d], contextLoader = 'org.springframework.test.context.support.DelegatingSmartContextLoader', parent = [null]], attributes = map[[empty]]], class annotated with @DirtiesContext [false] with mode [null].
16:57:20.251 [Test worker] DEBUG org.springframework.test.context.support.AbstractDelegatingSmartContextLoader - Delegating to AnnotationConfigContextLoader to load context from [MergedContextConfiguration@b3bf1a testClass = GithubApiRequestTestIT, locations = '{}', classes = '{class config.HttpClientConfig, class domain.GithubApiRequest}', contextInitializerClasses = '[]', activeProfiles = '{}', propertySourceLocations = '{classpath:test-application.properties}', propertySourceProperties = '{}', contextCustomizers = set[org.springframework.boot.test.autoconfigure.actuate.metrics.MetricsExportContextCustomizerFactory$DisableMetricExportContextCustomizer@7fc50932, org.springframework.boot.test.autoconfigure.properties.PropertyMappingContextCustomizer@0, org.springframework.boot.test.autoconfigure.web.servlet.WebDriverContextCustomizerFactory$Customizer@460a3427, org.springframework.boot.test.context.filter.ExcludeFilterContextCustomizer@708d5c8b, org.springframework.boot.test.json.DuplicateJsonObjectContextCustomizerFactory$DuplicateJsonObjectContextCustomizer@16781ff5, org.springframework.boot.test.mock.mockito.MockitoContextCustomizer@483f28d], contextLoader = 'org.springframework.test.context.support.DelegatingSmartContextLoader', parent = [null]].
16:57:20.251 [Test worker] DEBUG org.springframework.test.context.support.AbstractGenericContextLoader - Loading ApplicationContext for merged context configuration [[MergedContextConfiguration@b3bf1a testClass = GithubApiRequestTestIT, locations = '{}', classes = '{class config.HttpClientConfig, class domain.GithubApiRequest}', contextInitializerClasses = '[]', activeProfiles = '{}', propertySourceLocations = '{classpath:test-application.properties}', propertySourceProperties = '{}', contextCustomizers = set[org.springframework.boot.test.autoconfigure.actuate.metrics.MetricsExportContextCustomizerFactory$DisableMetricExportContextCustomizer@7fc50932, org.springframework.boot.test.autoconfigure.properties.PropertyMappingContextCustomizer@0, org.springframework.boot.test.autoconfigure.web.servlet.WebDriverContextCustomizerFactory$Customizer@460a3427, org.springframework.boot.test.context.filter.ExcludeFilterContextCustomizer@708d5c8b, org.springframework.boot.test.json.DuplicateJsonObjectContextCustomizerFactory$DuplicateJsonObjectContextCustomizer@16781ff5, org.springframework.boot.test.mock.mockito.MockitoContextCustomizer@483f28d], contextLoader = 'org.springframework.test.context.support.DelegatingSmartContextLoader', parent = [null]]].
16:57:20.279 [Test worker] DEBUG org.springframework.core.env.StandardEnvironment - Activating profiles []
16:57:20.282 [Test worker] DEBUG org.springframework.test.context.support.AnnotationConfigContextLoader - Registering component classes: {class config.HttpClientConfig, class domain.GithubApiRequest}
16:57:20.311 [Test worker] DEBUG org.springframework.context.support.GenericApplicationContext - Refreshing org.springframework.context.support.GenericApplicationContext@1016ba59
16:57:20.320 [Test worker] DEBUG org.springframework.beans.factory.support.DefaultListableBeanFactory - Creating shared instance of singleton bean 'org.springframework.context.annotation.internalConfigurationAnnotationProcessor'
16:57:20.411 [Test worker] DEBUG org.springframework.beans.factory.support.DefaultListableBeanFactory - Creating shared instance of singleton bean 'org.springframework.boot.test.mock.mockito.MockitoPostProcessor'
16:57:20.424 [Test worker] DEBUG org.springframework.beans.factory.support.DefaultListableBeanFactory - Creating shared instance of singleton bean 'org.springframework.context.event.internalEventListenerProcessor'
16:57:20.425 [Test worker] DEBUG org.springframework.beans.factory.support.DefaultListableBeanFactory - Creating shared instance of singleton bean 'org.springframework.context.event.internalEventListenerFactory'
16:57:20.427 [Test worker] DEBUG org.springframework.beans.factory.support.DefaultListableBeanFactory - Creating shared instance of singleton bean 'org.springframework.context.annotation.internalAutowiredAnnotationProcessor'
16:57:20.428 [Test worker] DEBUG org.springframework.beans.factory.support.DefaultListableBeanFactory - Creating shared instance of singleton bean 'org.springframework.context.annotation.internalCommonAnnotationProcessor'
16:57:20.432 [Test worker] DEBUG org.springframework.beans.factory.support.DefaultListableBeanFactory - Creating shared instance of singleton bean 'org.springframework.boot.test.mock.mockito.MockitoPostProcessor$SpyPostProcessor'
16:57:20.441 [Test worker] DEBUG org.springframework.beans.factory.support.DefaultListableBeanFactory - Creating shared instance of singleton bean 'httpClientConfig'
16:57:20.467 [Test worker] DEBUG org.springframework.beans.factory.support.DefaultListableBeanFactory - Creating shared instance of singleton bean 'githubApiRequest'
16:57:20.472 [Test worker] DEBUG org.springframework.beans.factory.support.DefaultListableBeanFactory - Creating shared instance of singleton bean 'httpClient'
16:57:20.683 [Test worker] DEBUG org.springframework.core.env.PropertySourcesPropertyResolver - Found key 'github.token' in PropertySource 'configurationProperties' with value of type String
16:57:20.684 [Test worker] DEBUG org.springframework.beans.factory.support.DefaultListableBeanFactory - Creating shared instance of singleton bean 'domain.repository.RepositoryApi#0'
16:57:20.687 [Test worker] DEBUG org.springframework.core.env.PropertySourcesPropertyResolver - Found key 'github.token' in PropertySource 'configurationProperties' with value of type String
16:57:21.086 [Test worker] DEBUG org.springframework.test.context.cache.DefaultCacheAwareContextLoaderDelegate - Storing ApplicationContext [269924953] in cache under key [[MergedContextConfiguration@b3bf1a testClass = GithubApiRequestTestIT, locations = '{}', classes = '{class config.HttpClientConfig, class domain.GithubApiRequest}', contextInitializerClasses = '[]', activeProfiles = '{}', propertySourceLocations = '{classpath:test-application.properties}', propertySourceProperties = '{}', contextCustomizers = set[org.springframework.boot.test.autoconfigure.actuate.metrics.MetricsExportContextCustomizerFactory$DisableMetricExportContextCustomizer@7fc50932, org.springframework.boot.test.autoconfigure.properties.PropertyMappingContextCustomizer@0, org.springframework.boot.test.autoconfigure.web.servlet.WebDriverContextCustomizerFactory$Customizer@460a3427, org.springframework.boot.test.context.filter.ExcludeFilterContextCustomizer@708d5c8b, org.springframework.boot.test.json.DuplicateJsonObjectContextCustomizerFactory$DuplicateJsonObjectContextCustomizer@16781ff5, org.springframework.boot.test.mock.mockito.MockitoContextCustomizer@483f28d], contextLoader = 'org.springframework.test.context.support.DelegatingSmartContextLoader', parent = [null]]]
16:57:21.086 [Test worker] DEBUG org.springframework.test.context.cache - Spring test ApplicationContext cache statistics: [DefaultContextCache@3803ed7b size = 1, maxSize = 32, parentContextCount = 0, hitCount = 0, missCount = 1]
16:57:21.088 [Test worker] DEBUG org.springframework.test.context.support.DependencyInjectionTestExecutionListener - Performing dependency injection for test context [[DefaultTestContext@2b00d363 testClass = GithubApiRequestTestIT, testInstance = GithubApiRequestTestIT@1061d690, testMethod = [null], testException = [null], mergedContextConfiguration = [MergedContextConfiguration@b3bf1a testClass = GithubApiRequestTestIT, locations = '{}', classes = '{class config.HttpClientConfig, class domain.GithubApiRequest}', contextInitializerClasses = '[]', activeProfiles = '{}', propertySourceLocations = '{classpath:test-application.properties}', propertySourceProperties = '{}', contextCustomizers = set[org.springframework.boot.test.autoconfigure.actuate.metrics.MetricsExportContextCustomizerFactory$DisableMetricExportContextCustomizer@7fc50932, org.springframework.boot.test.autoconfigure.properties.PropertyMappingContextCustomizer@0, org.springframework.boot.test.autoconfigure.web.servlet.WebDriverContextCustomizerFactory$Customizer@460a3427, org.springframework.boot.test.context.filter.ExcludeFilterContextCustomizer@708d5c8b, org.springframework.boot.test.json.DuplicateJsonObjectContextCustomizerFactory$DuplicateJsonObjectContextCustomizer@16781ff5, org.springframework.boot.test.mock.mockito.MockitoContextCustomizer@483f28d], contextLoader = 'org.springframework.test.context.support.DelegatingSmartContextLoader', parent = [null]], attributes = map['org.springframework.test.context.event.ApplicationEventsTestExecutionListener.recordApplicationEvents' -> false]]].
16:57:21.088 [Test worker] DEBUG org.springframework.test.context.cache.DefaultCacheAwareContextLoaderDelegate - Retrieved ApplicationContext [269924953] from cache with key [[MergedContextConfiguration@b3bf1a testClass = GithubApiRequestTestIT, locations = '{}', classes = '{class config.HttpClientConfig, class domain.GithubApiRequest}', contextInitializerClasses = '[]', activeProfiles = '{}', propertySourceLocations = '{classpath:test-application.properties}', propertySourceProperties = '{}', contextCustomizers = set[org.springframework.boot.test.autoconfigure.actuate.metrics.MetricsExportContextCustomizerFactory$DisableMetricExportContextCustomizer@7fc50932, org.springframework.boot.test.autoconfigure.properties.PropertyMappingContextCustomizer@0, org.springframework.boot.test.autoconfigure.web.servlet.WebDriverContextCustomizerFactory$Customizer@460a3427, org.springframework.boot.test.context.filter.ExcludeFilterContextCustomizer@708d5c8b, org.springframework.boot.test.json.DuplicateJsonObjectContextCustomizerFactory$DuplicateJsonObjectContextCustomizer@16781ff5, org.springframework.boot.test.mock.mockito.MockitoContextCustomizer@483f28d], contextLoader = 'org.springframework.test.context.support.DelegatingSmartContextLoader', parent = [null]]]
16:57:21.088 [Test worker] DEBUG org.springframework.test.context.cache - Spring test ApplicationContext cache statistics: [DefaultContextCache@3803ed7b size = 1, maxSize = 32, parentContextCount = 0, hitCount = 1, missCount = 1]
16:57:21.092 [Test worker] DEBUG org.springframework.test.context.cache.DefaultCacheAwareContextLoaderDelegate - Retrieved ApplicationContext [269924953] from cache with key [[MergedContextConfiguration@b3bf1a testClass = GithubApiRequestTestIT, locations = '{}', classes = '{class config.HttpClientConfig, class domain.GithubApiRequest}', contextInitializerClasses = '[]', activeProfiles = '{}', propertySourceLocations = '{classpath:test-application.properties}', propertySourceProperties = '{}', contextCustomizers = set[org.springframework.boot.test.autoconfigure.actuate.metrics.MetricsExportContextCustomizerFactory$DisableMetricExportContextCustomizer@7fc50932, org.springframework.boot.test.autoconfigure.properties.PropertyMappingContextCustomizer@0, org.springframework.boot.test.autoconfigure.web.servlet.WebDriverContextCustomizerFactory$Customizer@460a3427, org.springframework.boot.test.context.filter.ExcludeFilterContextCustomizer@708d5c8b, org.springframework.boot.test.json.DuplicateJsonObjectContextCustomizerFactory$DuplicateJsonObjectContextCustomizer@16781ff5, org.springframework.boot.test.mock.mockito.MockitoContextCustomizer@483f28d], contextLoader = 'org.springframework.test.context.support.DelegatingSmartContextLoader', parent = [null]]]
16:57:21.092 [Test worker] DEBUG org.springframework.test.context.cache - Spring test ApplicationContext cache statistics: [DefaultContextCache@3803ed7b size = 1, maxSize = 32, parentContextCount = 0, hitCount = 2, missCount = 1]
16:57:21.096 [Test worker] DEBUG org.springframework.test.context.support.AbstractDirtiesContextTestExecutionListener - Before test method: context [DefaultTestContext@2b00d363 testClass = GithubApiRequestTestIT, testInstance = GithubApiRequestTestIT@1061d690, testMethod = createRepository@GithubApiRequestTestIT, testException = [null], mergedContextConfiguration = [MergedContextConfiguration@b3bf1a testClass = GithubApiRequestTestIT, locations = '{}', classes = '{class config.HttpClientConfig, class domain.GithubApiRequest}', contextInitializerClasses = '[]', activeProfiles = '{}', propertySourceLocations = '{classpath:test-application.properties}', propertySourceProperties = '{}', contextCustomizers = set[org.springframework.boot.test.autoconfigure.actuate.metrics.MetricsExportContextCustomizerFactory$DisableMetricExportContextCustomizer@7fc50932, org.springframework.boot.test.autoconfigure.properties.PropertyMappingContextCustomizer@0, org.springframework.boot.test.autoconfigure.web.servlet.WebDriverContextCustomizerFactory$Customizer@460a3427, org.springframework.boot.test.context.filter.ExcludeFilterContextCustomizer@708d5c8b, org.springframework.boot.test.json.DuplicateJsonObjectContextCustomizerFactory$DuplicateJsonObjectContextCustomizer@16781ff5, org.springframework.boot.test.mock.mockito.MockitoContextCustomizer@483f28d], contextLoader = 'org.springframework.test.context.support.DelegatingSmartContextLoader', parent = [null]], attributes = map['org.springframework.test.context.event.ApplicationEventsTestExecutionListener.recordApplicationEvents' -> false]], class annotated with @DirtiesContext [false] with mode [null], method annotated with @DirtiesContext [false] with mode [null].
16:57:21.098 [Test worker] DEBUG org.springframework.test.context.cache.DefaultCacheAwareContextLoaderDelegate - Retrieved ApplicationContext [269924953] from cache with key [[MergedContextConfiguration@b3bf1a testClass = GithubApiRequestTestIT, locations = '{}', classes = '{class config.HttpClientConfig, class domain.GithubApiRequest}', contextInitializerClasses = '[]', activeProfiles = '{}', propertySourceLocations = '{classpath:test-application.properties}', propertySourceProperties = '{}', contextCustomizers = set[org.springframework.boot.test.autoconfigure.actuate.metrics.MetricsExportContextCustomizerFactory$DisableMetricExportContextCustomizer@7fc50932, org.springframework.boot.test.autoconfigure.properties.PropertyMappingContextCustomizer@0, org.springframework.boot.test.autoconfigure.web.servlet.WebDriverContextCustomizerFactory$Customizer@460a3427, org.springframework.boot.test.context.filter.ExcludeFilterContextCustomizer@708d5c8b, org.springframework.boot.test.json.DuplicateJsonObjectContextCustomizerFactory$DuplicateJsonObjectContextCustomizer@16781ff5, org.springframework.boot.test.mock.mockito.MockitoContextCustomizer@483f28d], contextLoader = 'org.springframework.test.context.support.DelegatingSmartContextLoader', parent = [null]]]
16:57:21.098 [Test worker] DEBUG org.springframework.test.context.cache - Spring test ApplicationContext cache statistics: [DefaultContextCache@3803ed7b size = 1, maxSize = 32, parentContextCount = 0, hitCount = 3, missCount = 1]
16:57:21.098 [Test worker] DEBUG org.springframework.test.context.cache.DefaultCacheAwareContextLoaderDelegate - Retrieved ApplicationContext [269924953] from cache with key [[MergedContextConfiguration@b3bf1a testClass = GithubApiRequestTestIT, locations = '{}', classes = '{class config.HttpClientConfig, class domain.GithubApiRequest}', contextInitializerClasses = '[]', activeProfiles = '{}', propertySourceLocations = '{classpath:test-application.properties}', propertySourceProperties = '{}', contextCustomizers = set[org.springframework.boot.test.autoconfigure.actuate.metrics.MetricsExportContextCustomizerFactory$DisableMetricExportContextCustomizer@7fc50932, org.springframework.boot.test.autoconfigure.properties.PropertyMappingContextCustomizer@0, org.springframework.boot.test.autoconfigure.web.servlet.WebDriverContextCustomizerFactory$Customizer@460a3427, org.springframework.boot.test.context.filter.ExcludeFilterContextCustomizer@708d5c8b, org.springframework.boot.test.json.DuplicateJsonObjectContextCustomizerFactory$DuplicateJsonObjectContextCustomizer@16781ff5, org.springframework.boot.test.mock.mockito.MockitoContextCustomizer@483f28d], contextLoader = 'org.springframework.test.context.support.DelegatingSmartContextLoader', parent = [null]]]
16:57:21.099 [Test worker] DEBUG org.springframework.test.context.cache - Spring test ApplicationContext cache statistics: [DefaultContextCache@3803ed7b size = 1, maxSize = 32, parentContextCount = 0, hitCount = 4, missCount = 1]
16:57:21.101 [Test worker] DEBUG org.springframework.test.context.cache.DefaultCacheAwareContextLoaderDelegate - Retrieved ApplicationContext [269924953] from cache with key [[MergedContextConfiguration@b3bf1a testClass = GithubApiRequestTestIT, locations = '{}', classes = '{class config.HttpClientConfig, class domain.GithubApiRequest}', contextInitializerClasses = '[]', activeProfiles = '{}', propertySourceLocations = '{classpath:test-application.properties}', propertySourceProperties = '{}', contextCustomizers = set[org.springframework.boot.test.autoconfigure.actuate.metrics.MetricsExportContextCustomizerFactory$DisableMetricExportContextCustomizer@7fc50932, org.springframework.boot.test.autoconfigure.properties.PropertyMappingContextCustomizer@0, org.springframework.boot.test.autoconfigure.web.servlet.WebDriverContextCustomizerFactory$Customizer@460a3427, org.springframework.boot.test.context.filter.ExcludeFilterContextCustomizer@708d5c8b, org.springframework.boot.test.json.DuplicateJsonObjectContextCustomizerFactory$DuplicateJsonObjectContextCustomizer@16781ff5, org.springframework.boot.test.mock.mockito.MockitoContextCustomizer@483f28d], contextLoader = 'org.springframework.test.context.support.DelegatingSmartContextLoader', parent = [null]]]
16:57:21.101 [Test worker] DEBUG org.springframework.test.context.cache - Spring test ApplicationContext cache statistics: [DefaultContextCache@3803ed7b size = 1, maxSize = 32, parentContextCount = 0, hitCount = 5, missCount = 1]
16:57:23.173 [Test worker] DEBUG org.springframework.test.context.cache.DefaultCacheAwareContextLoaderDelegate - Retrieved ApplicationContext [269924953] from cache with key [[MergedContextConfiguration@b3bf1a testClass = GithubApiRequestTestIT, locations = '{}', classes = '{class config.HttpClientConfig, class domain.GithubApiRequest}', contextInitializerClasses = '[]', activeProfiles = '{}', propertySourceLocations = '{classpath:test-application.properties}', propertySourceProperties = '{}', contextCustomizers = set[org.springframework.boot.test.autoconfigure.actuate.metrics.MetricsExportContextCustomizerFactory$DisableMetricExportContextCustomizer@7fc50932, org.springframework.boot.test.autoconfigure.properties.PropertyMappingContextCustomizer@0, org.springframework.boot.test.autoconfigure.web.servlet.WebDriverContextCustomizerFactory$Customizer@460a3427, org.springframework.boot.test.context.filter.ExcludeFilterContextCustomizer@708d5c8b, org.springframework.boot.test.json.DuplicateJsonObjectContextCustomizerFactory$DuplicateJsonObjectContextCustomizer@16781ff5, org.springframework.boot.test.mock.mockito.MockitoContextCustomizer@483f28d], contextLoader = 'org.springframework.test.context.support.DelegatingSmartContextLoader', parent = [null]]]
16:57:23.174 [Test worker] DEBUG org.springframework.test.context.cache - Spring test ApplicationContext cache statistics: [DefaultContextCache@3803ed7b size = 1, maxSize = 32, parentContextCount = 0, hitCount = 6, missCount = 1]
16:57:23.175 [Test worker] DEBUG org.springframework.test.context.cache.DefaultCacheAwareContextLoaderDelegate - Retrieved ApplicationContext [269924953] from cache with key [[MergedContextConfiguration@b3bf1a testClass = GithubApiRequestTestIT, locations = '{}', classes = '{class config.HttpClientConfig, class domain.GithubApiRequest}', contextInitializerClasses = '[]', activeProfiles = '{}', propertySourceLocations = '{classpath:test-application.properties}', propertySourceProperties = '{}', contextCustomizers = set[org.springframework.boot.test.autoconfigure.actuate.metrics.MetricsExportContextCustomizerFactory$DisableMetricExportContextCustomizer@7fc50932, org.springframework.boot.test.autoconfigure.properties.PropertyMappingContextCustomizer@0, org.springframework.boot.test.autoconfigure.web.servlet.WebDriverContextCustomizerFactory$Customizer@460a3427, org.springframework.boot.test.context.filter.ExcludeFilterContextCustomizer@708d5c8b, org.springframework.boot.test.json.DuplicateJsonObjectContextCustomizerFactory$DuplicateJsonObjectContextCustomizer@16781ff5, org.springframework.boot.test.mock.mockito.MockitoContextCustomizer@483f28d], contextLoader = 'org.springframework.test.context.support.DelegatingSmartContextLoader', parent = [null]]]
16:57:23.175 [Test worker] DEBUG org.springframework.test.context.cache - Spring test ApplicationContext cache statistics: [DefaultContextCache@3803ed7b size = 1, maxSize = 32, parentContextCount = 0, hitCount = 7, missCount = 1]
16:57:23.176 [Test worker] DEBUG org.springframework.test.context.cache.DefaultCacheAwareContextLoaderDelegate - Retrieved ApplicationContext [269924953] from cache with key [[MergedContextConfiguration@b3bf1a testClass = GithubApiRequestTestIT, locations = '{}', classes = '{class config.HttpClientConfig, class domain.GithubApiRequest}', contextInitializerClasses = '[]', activeProfiles = '{}', propertySourceLocations = '{classpath:test-application.properties}', propertySourceProperties = '{}', contextCustomizers = set[org.springframework.boot.test.autoconfigure.actuate.metrics.MetricsExportContextCustomizerFactory$DisableMetricExportContextCustomizer@7fc50932, org.springframework.boot.test.autoconfigure.properties.PropertyMappingContextCustomizer@0, org.springframework.boot.test.autoconfigure.web.servlet.WebDriverContextCustomizerFactory$Customizer@460a3427, org.springframework.boot.test.context.filter.ExcludeFilterContextCustomizer@708d5c8b, org.springframework.boot.test.json.DuplicateJsonObjectContextCustomizerFactory$DuplicateJsonObjectContextCustomizer@16781ff5, org.springframework.boot.test.mock.mockito.MockitoContextCustomizer@483f28d], contextLoader = 'org.springframework.test.context.support.DelegatingSmartContextLoader', parent = [null]]]
16:57:23.176 [Test worker] DEBUG org.springframework.test.context.cache - Spring test ApplicationContext cache statistics: [DefaultContextCache@3803ed7b size = 1, maxSize = 32, parentContextCount = 0, hitCount = 8, missCount = 1]
16:57:23.176 [Test worker] DEBUG org.springframework.test.context.cache.DefaultCacheAwareContextLoaderDelegate - Retrieved ApplicationContext [269924953] from cache with key [[MergedContextConfiguration@b3bf1a testClass = GithubApiRequestTestIT, locations = '{}', classes = '{class config.HttpClientConfig, class domain.GithubApiRequest}', contextInitializerClasses = '[]', activeProfiles = '{}', propertySourceLocations = '{classpath:test-application.properties}', propertySourceProperties = '{}', contextCustomizers = set[org.springframework.boot.test.autoconfigure.actuate.metrics.MetricsExportContextCustomizerFactory$DisableMetricExportContextCustomizer@7fc50932, org.springframework.boot.test.autoconfigure.properties.PropertyMappingContextCustomizer@0, org.springframework.boot.test.autoconfigure.web.servlet.WebDriverContextCustomizerFactory$Customizer@460a3427, org.springframework.boot.test.context.filter.ExcludeFilterContextCustomizer@708d5c8b, org.springframework.boot.test.json.DuplicateJsonObjectContextCustomizerFactory$DuplicateJsonObjectContextCustomizer@16781ff5, org.springframework.boot.test.mock.mockito.MockitoContextCustomizer@483f28d], contextLoader = 'org.springframework.test.context.support.DelegatingSmartContextLoader', parent = [null]]]
16:57:23.177 [Test worker] DEBUG org.springframework.test.context.cache - Spring test ApplicationContext cache statistics: [DefaultContextCache@3803ed7b size = 1, maxSize = 32, parentContextCount = 0, hitCount = 9, missCount = 1]
16:57:23.178 [Test worker] DEBUG org.springframework.test.context.cache.DefaultCacheAwareContextLoaderDelegate - Retrieved ApplicationContext [269924953] from cache with key [[MergedContextConfiguration@b3bf1a testClass = GithubApiRequestTestIT, locations = '{}', classes = '{class config.HttpClientConfig, class domain.GithubApiRequest}', contextInitializerClasses = '[]', activeProfiles = '{}', propertySourceLocations = '{classpath:test-application.properties}', propertySourceProperties = '{}', contextCustomizers = set[org.springframework.boot.test.autoconfigure.actuate.metrics.MetricsExportContextCustomizerFactory$DisableMetricExportContextCustomizer@7fc50932, org.springframework.boot.test.autoconfigure.properties.PropertyMappingContextCustomizer@0, org.springframework.boot.test.autoconfigure.web.servlet.WebDriverContextCustomizerFactory$Customizer@460a3427, org.springframework.boot.test.context.filter.ExcludeFilterContextCustomizer@708d5c8b, org.springframework.boot.test.json.DuplicateJsonObjectContextCustomizerFactory$DuplicateJsonObjectContextCustomizer@16781ff5, org.springframework.boot.test.mock.mockito.MockitoContextCustomizer@483f28d], contextLoader = 'org.springframework.test.context.support.DelegatingSmartContextLoader', parent = [null]]]
16:57:23.178 [Test worker] DEBUG org.springframework.test.context.cache - Spring test ApplicationContext cache statistics: [DefaultContextCache@3803ed7b size = 1, maxSize = 32, parentContextCount = 0, hitCount = 10, missCount = 1]
16:57:23.179 [Test worker] DEBUG org.springframework.test.context.cache.DefaultCacheAwareContextLoaderDelegate - Retrieved ApplicationContext [269924953] from cache with key [[MergedContextConfiguration@b3bf1a testClass = GithubApiRequestTestIT, locations = '{}', classes = '{class config.HttpClientConfig, class domain.GithubApiRequest}', contextInitializerClasses = '[]', activeProfiles = '{}', propertySourceLocations = '{classpath:test-application.properties}', propertySourceProperties = '{}', contextCustomizers = set[org.springframework.boot.test.autoconfigure.actuate.metrics.MetricsExportContextCustomizerFactory$DisableMetricExportContextCustomizer@7fc50932, org.springframework.boot.test.autoconfigure.properties.PropertyMappingContextCustomizer@0, org.springframework.boot.test.autoconfigure.web.servlet.WebDriverContextCustomizerFactory$Customizer@460a3427, org.springframework.boot.test.context.filter.ExcludeFilterContextCustomizer@708d5c8b, org.springframework.boot.test.json.DuplicateJsonObjectContextCustomizerFactory$DuplicateJsonObjectContextCustomizer@16781ff5, org.springframework.boot.test.mock.mockito.MockitoContextCustomizer@483f28d], contextLoader = 'org.springframework.test.context.support.DelegatingSmartContextLoader', parent = [null]]]
16:57:23.179 [Test worker] DEBUG org.springframework.test.context.cache - Spring test ApplicationContext cache statistics: [DefaultContextCache@3803ed7b size = 1, maxSize = 32, parentContextCount = 0, hitCount = 11, missCount = 1]
16:57:23.180 [Test worker] DEBUG org.springframework.test.context.support.AbstractDirtiesContextTestExecutionListener - After test method: context [DefaultTestContext@2b00d363 testClass = GithubApiRequestTestIT, testInstance = GithubApiRequestTestIT@1061d690, testMethod = createRepository@GithubApiRequestTestIT, testException = [null], mergedContextConfiguration = [MergedContextConfiguration@b3bf1a testClass = GithubApiRequestTestIT, locations = '{}', classes = '{class config.HttpClientConfig, class domain.GithubApiRequest}', contextInitializerClasses = '[]', activeProfiles = '{}', propertySourceLocations = '{classpath:test-application.properties}', propertySourceProperties = '{}', contextCustomizers = set[org.springframework.boot.test.autoconfigure.actuate.metrics.MetricsExportContextCustomizerFactory$DisableMetricExportContextCustomizer@7fc50932, org.springframework.boot.test.autoconfigure.properties.PropertyMappingContextCustomizer@0, org.springframework.boot.test.autoconfigure.web.servlet.WebDriverContextCustomizerFactory$Customizer@460a3427, org.springframework.boot.test.context.filter.ExcludeFilterContextCustomizer@708d5c8b, org.springframework.boot.test.json.DuplicateJsonObjectContextCustomizerFactory$DuplicateJsonObjectContextCustomizer@16781ff5, org.springframework.boot.test.mock.mockito.MockitoContextCustomizer@483f28d], contextLoader = 'org.springframework.test.context.support.DelegatingSmartContextLoader', parent = [null]], attributes = map['org.springframework.test.context.event.ApplicationEventsTestExecutionListener.recordApplicationEvents' -> false]], class annotated with @DirtiesContext [false] with mode [null], method annotated with @DirtiesContext [false] with mode [null].
16:57:23.186 [Test worker] DEBUG org.springframework.test.context.cache.DefaultCacheAwareContextLoaderDelegate - Retrieved ApplicationContext [269924953] from cache with key [[MergedContextConfiguration@b3bf1a testClass = GithubApiRequestTestIT, locations = '{}', classes = '{class config.HttpClientConfig, class domain.GithubApiRequest}', contextInitializerClasses = '[]', activeProfiles = '{}', propertySourceLocations = '{classpath:test-application.properties}', propertySourceProperties = '{}', contextCustomizers = set[org.springframework.boot.test.autoconfigure.actuate.metrics.MetricsExportContextCustomizerFactory$DisableMetricExportContextCustomizer@7fc50932, org.springframework.boot.test.autoconfigure.properties.PropertyMappingContextCustomizer@0, org.springframework.boot.test.autoconfigure.web.servlet.WebDriverContextCustomizerFactory$Customizer@460a3427, org.springframework.boot.test.context.filter.ExcludeFilterContextCustomizer@708d5c8b, org.springframework.boot.test.json.DuplicateJsonObjectContextCustomizerFactory$DuplicateJsonObjectContextCustomizer@16781ff5, org.springframework.boot.test.mock.mockito.MockitoContextCustomizer@483f28d], contextLoader = 'org.springframework.test.context.support.DelegatingSmartContextLoader', parent = [null]]]
16:57:23.186 [Test worker] DEBUG org.springframework.test.context.cache - Spring test ApplicationContext cache statistics: [DefaultContextCache@3803ed7b size = 1, maxSize = 32, parentContextCount = 0, hitCount = 12, missCount = 1]
16:57:23.186 [Test worker] DEBUG org.springframework.test.context.support.AbstractDirtiesContextTestExecutionListener - After test class: context [DefaultTestContext@2b00d363 testClass = GithubApiRequestTestIT, testInstance = [null], testMethod = [null], testException = [null], mergedContextConfiguration = [MergedContextConfiguration@b3bf1a testClass = GithubApiRequestTestIT, locations = '{}', classes = '{class config.HttpClientConfig, class domain.GithubApiRequest}', contextInitializerClasses = '[]', activeProfiles = '{}', propertySourceLocations = '{classpath:test-application.properties}', propertySourceProperties = '{}', contextCustomizers = set[org.springframework.boot.test.autoconfigure.actuate.metrics.MetricsExportContextCustomizerFactory$DisableMetricExportContextCustomizer@7fc50932, org.springframework.boot.test.autoconfigure.properties.PropertyMappingContextCustomizer@0, org.springframework.boot.test.autoconfigure.web.servlet.WebDriverContextCustomizerFactory$Customizer@460a3427, org.springframework.boot.test.context.filter.ExcludeFilterContextCustomizer@708d5c8b, org.springframework.boot.test.json.DuplicateJsonObjectContextCustomizerFactory$DuplicateJsonObjectContextCustomizer@16781ff5, org.springframework.boot.test.mock.mockito.MockitoContextCustomizer@483f28d], contextLoader = 'org.springframework.test.context.support.DelegatingSmartContextLoader', parent = [null]], attributes = map['org.springframework.test.context.event.ApplicationEventsTestExecutionListener.recordApplicationEvents' -> false]], class annotated with @DirtiesContext [false] with mode [null].
]]></system-out>
  <system-err><![CDATA[]]></system-err>
</testsuite>
